<?xml version="1.0" encoding="UTF-8"?>
<!-- Generated by org.testng.reporters.JUnitReportReporter -->
<testsuite skipped="0" hostname="KAMAL" name="stark.ArrayPractise" tests="1" failures="0" timestamp="26 Jan 2020 03:56:01 GMT" time="45.470" errors="0">
  <testcase name="arraysort" time="45.470" classname="stark.ArrayPractise"/>
</testsuite> <!-- stark.ArrayPractise -->
