<?xml version="1.0" encoding="UTF-8"?>
<!-- Generated by org.testng.reporters.JUnitReportReporter -->
<testsuite hostname="KAMAL" name="stark.Webtable_Checkbox" tests="1" failures="0" timestamp="2 Mar 2018 13:11:06 GMT" time="44.251" errors="0">
  <testcase name="click" time="44.251" classname="stark.Webtable_Checkbox"/>
</testsuite> <!-- stark.Webtable_Checkbox -->
