<?xml version="1.0" encoding="UTF-8"?>
<!-- Generated by org.testng.reporters.JUnitReportReporter -->
<testsuite skipped="0" hostname="KAMAL" name="stark.Practice" tests="1" failures="0" timestamp="10 Mar 2018 08:07:26 GMT" time="25.273" errors="0">
  <testcase name="links" time="25.273" classname="stark.Practice"/>
</testsuite> <!-- stark.Practice -->
